<?xml version="1.0" encoding="UTF-8"?>
<!-- Generated by org.testng.reporters.JUnitXMLReporter -->
<testsuite ignored="0" hostname="DESKTOP-109L03E" failures="0" tests="2" name="Test Runner 2" time="1.175" errors="0" timestamp="2023-08-16T08:21:45 IST">
  <testcase classname="CrossBrowserParallelExe.SwiggyTest" name="swiggyTest" time="0.0">
    <skipped/>
  </testcase> <!-- swiggyTest -->
  <testcase classname="CrossBrowserParallelExe.GoogleTest" name="googleTest" time="0.0">
    <skipped/>
  </testcase> <!-- googleTest -->
</testsuite> <!-- Test Runner 2 -->
