<?xml version="1.0" encoding="UTF-8"?>
<!-- Generated by org.testng.reporters.JUnitXMLReporter -->
<testsuite ignored="0" hostname="DESKTOP-109L03E" failures="0" tests="10" name="Test" time="0.29" errors="0" timestamp="2023-08-21T12:11:36 IST">
  <testcase classname="BatchExecution.Test5" name="demo1" time="0.017"/>
  <testcase classname="BatchExecution.Test5" name="demo2" time="0.004"/>
  <testcase classname="BatchExecution.Test4" name="demo1" time="0.021"/>
  <testcase classname="BatchExecution.Test4" name="demo2" time="0.006"/>
  <testcase classname="BatchExecution.Test3" name="demo1" time="0.005"/>
  <testcase classname="BatchExecution.Test3" name="demo2" time="0.005"/>
  <testcase classname="BatchExecution.Test2" name="demo1" time="0.003"/>
  <testcase classname="BatchExecution.Test2" name="demo2" time="0.011"/>
  <testcase classname="BatchExecution.Test1" name="demo1" time="0.005"/>
  <testcase classname="BatchExecution.Test1" name="demo2" time="0.005"/>
</testsuite> <!-- Test -->
